Jun 01, 2020 10:47:45 PM com.paypal.selion.platform.dataprovider.DataProviderFactory getDataProvider
FINER: ENTRY com.paypal.selion.platform.dataprovider.impl.InputStreamResource@60a2630a
Jun 01, 2020 10:47:45 PM com.paypal.selion.platform.dataprovider.impl.JsonDataProviderImpl getAllData
FINER: ENTRY com.paypal.selion.platform.dataprovider.impl.InputStreamResource@60a2630a
Jun 01, 2020 10:47:45 PM com.paypal.selion.platform.dataprovider.impl.JsonDataProviderImpl getAllData
FINE: The Json Data is mapped as
Jun 01, 2020 10:47:45 PM com.paypal.selion.platform.dataprovider.impl.JsonDataProviderImpl mapJsonData
FINER: ENTRY JsonReader at line 1 column 1 class [Lmailpages.MailData;
Jun 01, 2020 10:47:45 PM com.paypal.selion.platform.dataprovider.DataProviderFactory getDataProvider
FINER: ENTRY com.paypal.selion.platform.dataprovider.impl.InputStreamResource@65a4798f
Jun 01, 2020 10:47:45 PM com.paypal.selion.platform.dataprovider.impl.JsonDataProviderImpl getAllData
FINER: ENTRY com.paypal.selion.platform.dataprovider.impl.InputStreamResource@65a4798f
Jun 01, 2020 10:47:45 PM com.paypal.selion.platform.dataprovider.impl.JsonDataProviderImpl getAllData
FINE: The Json Data is mapped as
Jun 01, 2020 10:47:45 PM com.paypal.selion.platform.dataprovider.impl.JsonDataProviderImpl mapJsonData
FINER: ENTRY JsonReader at line 1 column 1 class [Lmailpages.MailData;
Jun 01, 2020 10:53:35 PM com.paypal.selion.platform.dataprovider.DataProviderFactory getDataProvider
FINER: ENTRY com.paypal.selion.platform.dataprovider.impl.InputStreamResource@60a2630a
Jun 01, 2020 10:53:35 PM com.paypal.selion.platform.dataprovider.impl.JsonDataProviderImpl getAllData
FINER: ENTRY com.paypal.selion.platform.dataprovider.impl.InputStreamResource@60a2630a
Jun 01, 2020 10:53:35 PM com.paypal.selion.platform.dataprovider.impl.JsonDataProviderImpl getAllData
FINE: The Json Data is mapped as
Jun 01, 2020 10:53:35 PM com.paypal.selion.platform.dataprovider.impl.JsonDataProviderImpl mapJsonData
FINER: ENTRY JsonReader at line 1 column 1 class [Lmailpages.MailData;
Jun 01, 2020 10:53:36 PM com.paypal.selion.platform.dataprovider.DataProviderFactory getDataProvider
FINER: ENTRY com.paypal.selion.platform.dataprovider.impl.InputStreamResource@65a4798f
Jun 01, 2020 10:53:36 PM com.paypal.selion.platform.dataprovider.impl.JsonDataProviderImpl getAllData
FINER: ENTRY com.paypal.selion.platform.dataprovider.impl.InputStreamResource@65a4798f
Jun 01, 2020 10:53:36 PM com.paypal.selion.platform.dataprovider.impl.JsonDataProviderImpl getAllData
FINE: The Json Data is mapped as
Jun 01, 2020 10:53:36 PM com.paypal.selion.platform.dataprovider.impl.JsonDataProviderImpl mapJsonData
FINER: ENTRY JsonReader at line 1 column 1 class [Lmailpages.MailData;
Jun 01, 2020 10:56:09 PM com.paypal.selion.platform.dataprovider.DataProviderFactory getDataProvider
FINER: ENTRY com.paypal.selion.platform.dataprovider.impl.InputStreamResource@5dd91bca
Jun 01, 2020 10:56:09 PM com.paypal.selion.platform.dataprovider.impl.JsonDataProviderImpl getAllData
FINER: ENTRY com.paypal.selion.platform.dataprovider.impl.InputStreamResource@5dd91bca
Jun 01, 2020 10:56:09 PM com.paypal.selion.platform.dataprovider.impl.JsonDataProviderImpl getAllData
FINE: The Json Data is mapped as
Jun 01, 2020 10:56:09 PM com.paypal.selion.platform.dataprovider.impl.JsonDataProviderImpl mapJsonData
FINER: ENTRY JsonReader at line 1 column 1 class [Lmailpages.MailData;
Jun 01, 2020 10:56:09 PM com.paypal.selion.platform.dataprovider.impl.JsonDataProviderImpl prepareDataAsObjectArray
FINER: ENTRY mailpages.MailData@31e75d13
Jun 01, 2020 10:56:09 PM com.paypal.selion.platform.dataprovider.impl.JsonDataProviderImpl prepareDataAsObjectArray
FINE: Entity Size to be mapped to 2D array:1
Jun 01, 2020 10:56:09 PM com.paypal.selion.platform.dataprovider.impl.JsonDataProviderImpl prepareDataAsObjectArray
FINER: RETURN [Ljava.lang.Object;@a5b0b86
Jun 01, 2020 10:56:09 PM com.paypal.selion.platform.dataprovider.impl.JsonDataProviderImpl getAllData
FINER: RETURN [Ljava.lang.Object;@a5b0b86
Jun 01, 2020 10:56:15 PM com.paypal.selion.platform.dataprovider.DataProviderFactory getDataProvider
FINER: ENTRY com.paypal.selion.platform.dataprovider.impl.InputStreamResource@1922e6d
Jun 01, 2020 10:56:15 PM com.paypal.selion.platform.dataprovider.impl.JsonDataProviderImpl getAllData
FINER: ENTRY com.paypal.selion.platform.dataprovider.impl.InputStreamResource@1922e6d
Jun 01, 2020 10:56:15 PM com.paypal.selion.platform.dataprovider.impl.JsonDataProviderImpl getAllData
FINE: The Json Data is mapped as
Jun 01, 2020 10:56:15 PM com.paypal.selion.platform.dataprovider.impl.JsonDataProviderImpl mapJsonData
FINER: ENTRY JsonReader at line 1 column 1 class [Lmailpages.MailData;
Jun 01, 2020 10:56:15 PM com.paypal.selion.platform.dataprovider.impl.JsonDataProviderImpl prepareDataAsObjectArray
FINER: ENTRY mailpages.MailData@76a82f33
Jun 01, 2020 10:56:15 PM com.paypal.selion.platform.dataprovider.impl.JsonDataProviderImpl prepareDataAsObjectArray
FINE: Entity Size to be mapped to 2D array:1
Jun 01, 2020 10:56:15 PM com.paypal.selion.platform.dataprovider.impl.JsonDataProviderImpl prepareDataAsObjectArray
FINER: RETURN [Ljava.lang.Object;@6bab2585
Jun 01, 2020 10:56:15 PM com.paypal.selion.platform.dataprovider.impl.JsonDataProviderImpl getAllData
FINER: RETURN [Ljava.lang.Object;@6bab2585
Jun 01, 2020 11:02:14 PM com.paypal.selion.platform.dataprovider.DataProviderFactory getDataProvider
FINER: ENTRY com.paypal.selion.platform.dataprovider.impl.InputStreamResource@52045dbe
Jun 01, 2020 11:02:14 PM com.paypal.selion.platform.dataprovider.impl.JsonDataProviderImpl getAllData
FINER: ENTRY com.paypal.selion.platform.dataprovider.impl.InputStreamResource@52045dbe
Jun 01, 2020 11:02:14 PM com.paypal.selion.platform.dataprovider.impl.JsonDataProviderImpl getAllData
FINE: The Json Data is mapped as
Jun 01, 2020 11:02:14 PM com.paypal.selion.platform.dataprovider.impl.JsonDataProviderImpl mapJsonData
FINER: ENTRY JsonReader at line 1 column 1 class [Lmailpages.MailData;
Jun 01, 2020 11:02:15 PM com.paypal.selion.platform.dataprovider.impl.JsonDataProviderImpl prepareDataAsObjectArray
FINER: ENTRY mailpages.MailData@4763c727
Jun 01, 2020 11:02:15 PM com.paypal.selion.platform.dataprovider.impl.JsonDataProviderImpl prepareDataAsObjectArray
FINE: Entity Size to be mapped to 2D array:1
Jun 01, 2020 11:02:15 PM com.paypal.selion.platform.dataprovider.impl.JsonDataProviderImpl prepareDataAsObjectArray
FINER: RETURN [Ljava.lang.Object;@72445aba
Jun 01, 2020 11:02:15 PM com.paypal.selion.platform.dataprovider.impl.JsonDataProviderImpl getAllData
FINER: RETURN [Ljava.lang.Object;@72445aba
Jun 01, 2020 11:02:19 PM com.paypal.selion.platform.dataprovider.DataProviderFactory getDataProvider
FINER: ENTRY com.paypal.selion.platform.dataprovider.impl.InputStreamResource@372ea2bc
Jun 01, 2020 11:02:19 PM com.paypal.selion.platform.dataprovider.impl.JsonDataProviderImpl getAllData
FINER: ENTRY com.paypal.selion.platform.dataprovider.impl.InputStreamResource@372ea2bc
Jun 01, 2020 11:02:19 PM com.paypal.selion.platform.dataprovider.impl.JsonDataProviderImpl getAllData
FINE: The Json Data is mapped as
Jun 01, 2020 11:02:19 PM com.paypal.selion.platform.dataprovider.impl.JsonDataProviderImpl mapJsonData
FINER: ENTRY JsonReader at line 1 column 1 class [Lmailpages.MailData;
Jun 01, 2020 11:02:19 PM com.paypal.selion.platform.dataprovider.impl.JsonDataProviderImpl prepareDataAsObjectArray
FINER: ENTRY mailpages.MailData@4cc76301
Jun 01, 2020 11:02:19 PM com.paypal.selion.platform.dataprovider.impl.JsonDataProviderImpl prepareDataAsObjectArray
FINE: Entity Size to be mapped to 2D array:1
Jun 01, 2020 11:02:19 PM com.paypal.selion.platform.dataprovider.impl.JsonDataProviderImpl prepareDataAsObjectArray
FINER: RETURN [Ljava.lang.Object;@2f08c4b
Jun 01, 2020 11:02:19 PM com.paypal.selion.platform.dataprovider.impl.JsonDataProviderImpl getAllData
FINER: RETURN [Ljava.lang.Object;@2f08c4b
Jun 01, 2020 11:04:01 PM com.paypal.selion.platform.dataprovider.DataProviderFactory getDataProvider
FINER: ENTRY com.paypal.selion.platform.dataprovider.impl.InputStreamResource@52045dbe
Jun 01, 2020 11:04:01 PM com.paypal.selion.platform.dataprovider.impl.JsonDataProviderImpl getAllData
FINER: ENTRY com.paypal.selion.platform.dataprovider.impl.InputStreamResource@52045dbe
Jun 01, 2020 11:04:01 PM com.paypal.selion.platform.dataprovider.impl.JsonDataProviderImpl getAllData
FINE: The Json Data is mapped as
Jun 01, 2020 11:04:01 PM com.paypal.selion.platform.dataprovider.impl.JsonDataProviderImpl mapJsonData
FINER: ENTRY JsonReader at line 1 column 1 class [Lmailpages.MailData;
Jun 01, 2020 11:04:02 PM com.paypal.selion.platform.dataprovider.impl.JsonDataProviderImpl prepareDataAsObjectArray
FINER: ENTRY mailpages.MailData@4763c727
Jun 01, 2020 11:04:02 PM com.paypal.selion.platform.dataprovider.impl.JsonDataProviderImpl prepareDataAsObjectArray
FINE: Entity Size to be mapped to 2D array:1
Jun 01, 2020 11:04:02 PM com.paypal.selion.platform.dataprovider.impl.JsonDataProviderImpl prepareDataAsObjectArray
FINER: RETURN [Ljava.lang.Object;@72445aba
Jun 01, 2020 11:04:02 PM com.paypal.selion.platform.dataprovider.impl.JsonDataProviderImpl getAllData
FINER: RETURN [Ljava.lang.Object;@72445aba
Jun 01, 2020 11:04:07 PM com.paypal.selion.platform.dataprovider.DataProviderFactory getDataProvider
FINER: ENTRY com.paypal.selion.platform.dataprovider.impl.InputStreamResource@f19c9d2
Jun 01, 2020 11:04:07 PM com.paypal.selion.platform.dataprovider.impl.JsonDataProviderImpl getAllData
FINER: ENTRY com.paypal.selion.platform.dataprovider.impl.InputStreamResource@f19c9d2
Jun 01, 2020 11:04:07 PM com.paypal.selion.platform.dataprovider.impl.JsonDataProviderImpl getAllData
FINE: The Json Data is mapped as
Jun 01, 2020 11:04:07 PM com.paypal.selion.platform.dataprovider.impl.JsonDataProviderImpl mapJsonData
FINER: ENTRY JsonReader at line 1 column 1 class [Lmailpages.MailData;
Jun 01, 2020 11:04:07 PM com.paypal.selion.platform.dataprovider.impl.JsonDataProviderImpl prepareDataAsObjectArray
FINER: ENTRY mailpages.MailData@7807ac2c
Jun 01, 2020 11:04:07 PM com.paypal.selion.platform.dataprovider.impl.JsonDataProviderImpl prepareDataAsObjectArray
FINE: Entity Size to be mapped to 2D array:1
Jun 01, 2020 11:04:07 PM com.paypal.selion.platform.dataprovider.impl.JsonDataProviderImpl prepareDataAsObjectArray
FINER: RETURN [Ljava.lang.Object;@b91d8c4
Jun 01, 2020 11:04:07 PM com.paypal.selion.platform.dataprovider.impl.JsonDataProviderImpl getAllData
FINER: RETURN [Ljava.lang.Object;@b91d8c4
Jun 01, 2020 11:31:48 PM com.paypal.selion.platform.dataprovider.DataProviderFactory getDataProvider
FINER: ENTRY com.paypal.selion.platform.dataprovider.impl.InputStreamResource@52045dbe
Jun 01, 2020 11:31:48 PM com.paypal.selion.platform.dataprovider.impl.JsonDataProviderImpl getAllData
FINER: ENTRY com.paypal.selion.platform.dataprovider.impl.InputStreamResource@52045dbe
Jun 01, 2020 11:31:48 PM com.paypal.selion.platform.dataprovider.impl.JsonDataProviderImpl getAllData
FINE: The Json Data is mapped as
Jun 01, 2020 11:31:48 PM com.paypal.selion.platform.dataprovider.impl.JsonDataProviderImpl mapJsonData
FINER: ENTRY JsonReader at line 1 column 1 class [Lmailpages.MailData;
Jun 01, 2020 11:31:48 PM com.paypal.selion.platform.dataprovider.impl.JsonDataProviderImpl prepareDataAsObjectArray
FINER: ENTRY mailpages.MailData@4763c727
Jun 01, 2020 11:31:48 PM com.paypal.selion.platform.dataprovider.impl.JsonDataProviderImpl prepareDataAsObjectArray
FINE: Entity Size to be mapped to 2D array:1
Jun 01, 2020 11:31:48 PM com.paypal.selion.platform.dataprovider.impl.JsonDataProviderImpl prepareDataAsObjectArray
FINER: RETURN [Ljava.lang.Object;@72445aba
Jun 01, 2020 11:31:49 PM com.paypal.selion.platform.dataprovider.impl.JsonDataProviderImpl getAllData
FINER: RETURN [Ljava.lang.Object;@72445aba
Jun 01, 2020 11:31:54 PM com.paypal.selion.platform.dataprovider.DataProviderFactory getDataProvider
FINER: ENTRY com.paypal.selion.platform.dataprovider.impl.InputStreamResource@2f08c4b
Jun 01, 2020 11:31:54 PM com.paypal.selion.platform.dataprovider.impl.JsonDataProviderImpl getAllData
FINER: ENTRY com.paypal.selion.platform.dataprovider.impl.InputStreamResource@2f08c4b
Jun 01, 2020 11:31:54 PM com.paypal.selion.platform.dataprovider.impl.JsonDataProviderImpl getAllData
FINE: The Json Data is mapped as
Jun 01, 2020 11:31:54 PM com.paypal.selion.platform.dataprovider.impl.JsonDataProviderImpl mapJsonData
FINER: ENTRY JsonReader at line 1 column 1 class [Lmailpages.MailData;
Jun 01, 2020 11:31:54 PM com.paypal.selion.platform.dataprovider.impl.JsonDataProviderImpl prepareDataAsObjectArray
FINER: ENTRY mailpages.MailData@3f19b8b3
Jun 01, 2020 11:31:54 PM com.paypal.selion.platform.dataprovider.impl.JsonDataProviderImpl prepareDataAsObjectArray
FINE: Entity Size to be mapped to 2D array:1
Jun 01, 2020 11:31:54 PM com.paypal.selion.platform.dataprovider.impl.JsonDataProviderImpl prepareDataAsObjectArray
FINER: RETURN [Ljava.lang.Object;@7de0c6ae
Jun 01, 2020 11:31:54 PM com.paypal.selion.platform.dataprovider.impl.JsonDataProviderImpl getAllData
FINER: RETURN [Ljava.lang.Object;@7de0c6ae
Jun 01, 2020 11:34:38 PM com.paypal.selion.platform.dataprovider.DataProviderFactory getDataProvider
FINER: ENTRY com.paypal.selion.platform.dataprovider.impl.InputStreamResource@53976f5c
Jun 01, 2020 11:34:38 PM com.paypal.selion.platform.dataprovider.impl.JsonDataProviderImpl getAllData
FINER: ENTRY com.paypal.selion.platform.dataprovider.impl.InputStreamResource@53976f5c
Jun 01, 2020 11:34:38 PM com.paypal.selion.platform.dataprovider.impl.JsonDataProviderImpl getAllData
FINE: The Json Data is mapped as
Jun 01, 2020 11:34:38 PM com.paypal.selion.platform.dataprovider.impl.JsonDataProviderImpl mapJsonData
FINER: ENTRY JsonReader at line 1 column 1 class [Lmailpages.MailData;
Jun 01, 2020 11:34:38 PM com.paypal.selion.platform.dataprovider.impl.JsonDataProviderImpl prepareDataAsObjectArray
FINER: ENTRY mailpages.MailData@6221a451
Jun 01, 2020 11:34:38 PM com.paypal.selion.platform.dataprovider.impl.JsonDataProviderImpl prepareDataAsObjectArray
FINE: Entity Size to be mapped to 2D array:1
Jun 01, 2020 11:34:38 PM com.paypal.selion.platform.dataprovider.impl.JsonDataProviderImpl prepareDataAsObjectArray
FINER: RETURN [Ljava.lang.Object;@52719fb6
Jun 01, 2020 11:34:38 PM com.paypal.selion.platform.dataprovider.impl.JsonDataProviderImpl getAllData
FINER: RETURN [Ljava.lang.Object;@52719fb6
Jun 01, 2020 11:34:38 PM com.paypal.selion.platform.dataprovider.DataProviderFactory getDataProvider
FINER: ENTRY com.paypal.selion.platform.dataprovider.impl.InputStreamResource@117159c0
Jun 01, 2020 11:34:38 PM com.paypal.selion.platform.dataprovider.impl.JsonDataProviderImpl getAllData
FINER: ENTRY com.paypal.selion.platform.dataprovider.impl.InputStreamResource@117159c0
Jun 01, 2020 11:34:38 PM com.paypal.selion.platform.dataprovider.impl.JsonDataProviderImpl getAllData
FINE: The Json Data is mapped as
Jun 01, 2020 11:34:38 PM com.paypal.selion.platform.dataprovider.impl.JsonDataProviderImpl mapJsonData
FINER: ENTRY JsonReader at line 1 column 1 class [Lmailpages.MailData;
Jun 01, 2020 11:34:38 PM com.paypal.selion.platform.dataprovider.impl.JsonDataProviderImpl prepareDataAsObjectArray
FINER: ENTRY mailpages.MailData@3e27ba32
Jun 01, 2020 11:34:38 PM com.paypal.selion.platform.dataprovider.impl.JsonDataProviderImpl prepareDataAsObjectArray
FINE: Entity Size to be mapped to 2D array:1
Jun 01, 2020 11:34:38 PM com.paypal.selion.platform.dataprovider.impl.JsonDataProviderImpl prepareDataAsObjectArray
FINER: RETURN [Ljava.lang.Object;@7ef82753
Jun 01, 2020 11:34:38 PM com.paypal.selion.platform.dataprovider.impl.JsonDataProviderImpl getAllData
FINER: RETURN [Ljava.lang.Object;@7ef82753
Jun 01, 2020 11:35:19 PM com.paypal.selion.platform.dataprovider.DataProviderFactory getDataProvider
FINER: ENTRY com.paypal.selion.platform.dataprovider.impl.InputStreamResource@52045dbe
Jun 01, 2020 11:35:19 PM com.paypal.selion.platform.dataprovider.impl.JsonDataProviderImpl getAllData
FINER: ENTRY com.paypal.selion.platform.dataprovider.impl.InputStreamResource@52045dbe
Jun 01, 2020 11:35:20 PM com.paypal.selion.platform.dataprovider.impl.JsonDataProviderImpl getAllData
FINE: The Json Data is mapped as
Jun 01, 2020 11:35:20 PM com.paypal.selion.platform.dataprovider.impl.JsonDataProviderImpl mapJsonData
FINER: ENTRY JsonReader at line 1 column 1 class [Lmailpages.MailData;
Jun 01, 2020 11:35:20 PM com.paypal.selion.platform.dataprovider.impl.JsonDataProviderImpl prepareDataAsObjectArray
FINER: ENTRY mailpages.MailData@4763c727
Jun 01, 2020 11:35:20 PM com.paypal.selion.platform.dataprovider.impl.JsonDataProviderImpl prepareDataAsObjectArray
FINE: Entity Size to be mapped to 2D array:1
Jun 01, 2020 11:35:20 PM com.paypal.selion.platform.dataprovider.impl.JsonDataProviderImpl prepareDataAsObjectArray
FINER: RETURN [Ljava.lang.Object;@72445aba
Jun 01, 2020 11:35:20 PM com.paypal.selion.platform.dataprovider.impl.JsonDataProviderImpl getAllData
FINER: RETURN [Ljava.lang.Object;@72445aba
Jun 01, 2020 11:35:27 PM com.paypal.selion.platform.dataprovider.DataProviderFactory getDataProvider
FINER: ENTRY com.paypal.selion.platform.dataprovider.impl.InputStreamResource@142eef62
Jun 01, 2020 11:35:27 PM com.paypal.selion.platform.dataprovider.impl.JsonDataProviderImpl getAllData
FINER: ENTRY com.paypal.selion.platform.dataprovider.impl.InputStreamResource@142eef62
Jun 01, 2020 11:35:27 PM com.paypal.selion.platform.dataprovider.impl.JsonDataProviderImpl getAllData
FINE: The Json Data is mapped as
Jun 01, 2020 11:35:27 PM com.paypal.selion.platform.dataprovider.impl.JsonDataProviderImpl mapJsonData
FINER: ENTRY JsonReader at line 1 column 1 class [Lmailpages.MailData;
Jun 01, 2020 11:35:27 PM com.paypal.selion.platform.dataprovider.impl.JsonDataProviderImpl prepareDataAsObjectArray
FINER: ENTRY mailpages.MailData@4a9cc6cb
Jun 01, 2020 11:35:27 PM com.paypal.selion.platform.dataprovider.impl.JsonDataProviderImpl prepareDataAsObjectArray
FINE: Entity Size to be mapped to 2D array:1
Jun 01, 2020 11:35:27 PM com.paypal.selion.platform.dataprovider.impl.JsonDataProviderImpl prepareDataAsObjectArray
FINER: RETURN [Ljava.lang.Object;@5990e6c5
Jun 01, 2020 11:35:27 PM com.paypal.selion.platform.dataprovider.impl.JsonDataProviderImpl getAllData
FINER: RETURN [Ljava.lang.Object;@5990e6c5
Jun 01, 2020 11:39:59 PM com.paypal.selion.platform.dataprovider.DataProviderFactory getDataProvider
FINER: ENTRY com.paypal.selion.platform.dataprovider.impl.InputStreamResource@52045dbe
Jun 01, 2020 11:39:59 PM com.paypal.selion.platform.dataprovider.impl.JsonDataProviderImpl getAllData
FINER: ENTRY com.paypal.selion.platform.dataprovider.impl.InputStreamResource@52045dbe
Jun 01, 2020 11:39:59 PM com.paypal.selion.platform.dataprovider.impl.JsonDataProviderImpl getAllData
FINE: The Json Data is mapped as
Jun 01, 2020 11:39:59 PM com.paypal.selion.platform.dataprovider.impl.JsonDataProviderImpl mapJsonData
FINER: ENTRY JsonReader at line 1 column 1 class [Lmailpages.MailData;
Jun 01, 2020 11:39:59 PM com.paypal.selion.platform.dataprovider.impl.JsonDataProviderImpl prepareDataAsObjectArray
FINER: ENTRY mailpages.MailData@4763c727
Jun 01, 2020 11:39:59 PM com.paypal.selion.platform.dataprovider.impl.JsonDataProviderImpl prepareDataAsObjectArray
FINE: Entity Size to be mapped to 2D array:1
Jun 01, 2020 11:39:59 PM com.paypal.selion.platform.dataprovider.impl.JsonDataProviderImpl prepareDataAsObjectArray
FINER: RETURN [Ljava.lang.Object;@72445aba
Jun 01, 2020 11:39:59 PM com.paypal.selion.platform.dataprovider.impl.JsonDataProviderImpl getAllData
FINER: RETURN [Ljava.lang.Object;@72445aba
Jun 01, 2020 11:40:03 PM com.paypal.selion.platform.dataprovider.DataProviderFactory getDataProvider
FINER: ENTRY com.paypal.selion.platform.dataprovider.impl.InputStreamResource@372ea2bc
Jun 01, 2020 11:40:03 PM com.paypal.selion.platform.dataprovider.impl.JsonDataProviderImpl getAllData
FINER: ENTRY com.paypal.selion.platform.dataprovider.impl.InputStreamResource@372ea2bc
Jun 01, 2020 11:40:03 PM com.paypal.selion.platform.dataprovider.impl.JsonDataProviderImpl getAllData
FINE: The Json Data is mapped as
Jun 01, 2020 11:40:03 PM com.paypal.selion.platform.dataprovider.impl.JsonDataProviderImpl mapJsonData
FINER: ENTRY JsonReader at line 1 column 1 class [Lmailpages.MailData;
Jun 01, 2020 11:40:03 PM com.paypal.selion.platform.dataprovider.impl.JsonDataProviderImpl prepareDataAsObjectArray
FINER: ENTRY mailpages.MailData@4cc76301
Jun 01, 2020 11:40:03 PM com.paypal.selion.platform.dataprovider.impl.JsonDataProviderImpl prepareDataAsObjectArray
FINE: Entity Size to be mapped to 2D array:1
Jun 01, 2020 11:40:03 PM com.paypal.selion.platform.dataprovider.impl.JsonDataProviderImpl prepareDataAsObjectArray
FINER: RETURN [Ljava.lang.Object;@2f08c4b
Jun 01, 2020 11:40:03 PM com.paypal.selion.platform.dataprovider.impl.JsonDataProviderImpl getAllData
FINER: RETURN [Ljava.lang.Object;@2f08c4b
Jun 01, 2020 11:41:47 PM com.paypal.selion.platform.dataprovider.DataProviderFactory getDataProvider
FINER: ENTRY com.paypal.selion.platform.dataprovider.impl.InputStreamResource@52045dbe
Jun 01, 2020 11:41:47 PM com.paypal.selion.platform.dataprovider.impl.JsonDataProviderImpl getAllData
FINER: ENTRY com.paypal.selion.platform.dataprovider.impl.InputStreamResource@52045dbe
Jun 01, 2020 11:41:47 PM com.paypal.selion.platform.dataprovider.impl.JsonDataProviderImpl getAllData
FINE: The Json Data is mapped as
Jun 01, 2020 11:41:47 PM com.paypal.selion.platform.dataprovider.impl.JsonDataProviderImpl mapJsonData
FINER: ENTRY JsonReader at line 1 column 1 class [Lmailpages.MailData;
Jun 01, 2020 11:41:47 PM com.paypal.selion.platform.dataprovider.impl.JsonDataProviderImpl prepareDataAsObjectArray
FINER: ENTRY mailpages.MailData@4763c727
Jun 01, 2020 11:41:47 PM com.paypal.selion.platform.dataprovider.impl.JsonDataProviderImpl prepareDataAsObjectArray
FINE: Entity Size to be mapped to 2D array:1
Jun 01, 2020 11:41:47 PM com.paypal.selion.platform.dataprovider.impl.JsonDataProviderImpl prepareDataAsObjectArray
FINER: RETURN [Ljava.lang.Object;@72445aba
Jun 01, 2020 11:41:48 PM com.paypal.selion.platform.dataprovider.impl.JsonDataProviderImpl getAllData
FINER: RETURN [Ljava.lang.Object;@72445aba
Jun 01, 2020 11:41:53 PM com.paypal.selion.platform.dataprovider.DataProviderFactory getDataProvider
FINER: ENTRY com.paypal.selion.platform.dataprovider.impl.InputStreamResource@372ea2bc
Jun 01, 2020 11:41:53 PM com.paypal.selion.platform.dataprovider.impl.JsonDataProviderImpl getAllData
FINER: ENTRY com.paypal.selion.platform.dataprovider.impl.InputStreamResource@372ea2bc
Jun 01, 2020 11:41:53 PM com.paypal.selion.platform.dataprovider.impl.JsonDataProviderImpl getAllData
FINE: The Json Data is mapped as
Jun 01, 2020 11:41:53 PM com.paypal.selion.platform.dataprovider.impl.JsonDataProviderImpl mapJsonData
FINER: ENTRY JsonReader at line 1 column 1 class [Lmailpages.MailData;
Jun 01, 2020 11:41:53 PM com.paypal.selion.platform.dataprovider.impl.JsonDataProviderImpl prepareDataAsObjectArray
FINER: ENTRY mailpages.MailData@4cc76301
Jun 01, 2020 11:41:53 PM com.paypal.selion.platform.dataprovider.impl.JsonDataProviderImpl prepareDataAsObjectArray
FINE: Entity Size to be mapped to 2D array:1
Jun 01, 2020 11:41:53 PM com.paypal.selion.platform.dataprovider.impl.JsonDataProviderImpl prepareDataAsObjectArray
FINER: RETURN [Ljava.lang.Object;@2f08c4b
Jun 01, 2020 11:41:53 PM com.paypal.selion.platform.dataprovider.impl.JsonDataProviderImpl getAllData
FINER: RETURN [Ljava.lang.Object;@2f08c4b
Jun 01, 2020 11:44:00 PM com.paypal.selion.platform.dataprovider.DataProviderFactory getDataProvider
FINER: ENTRY com.paypal.selion.platform.dataprovider.impl.InputStreamResource@52045dbe
Jun 01, 2020 11:44:00 PM com.paypal.selion.platform.dataprovider.impl.JsonDataProviderImpl getAllData
FINER: ENTRY com.paypal.selion.platform.dataprovider.impl.InputStreamResource@52045dbe
Jun 01, 2020 11:44:00 PM com.paypal.selion.platform.dataprovider.impl.JsonDataProviderImpl getAllData
FINE: The Json Data is mapped as
Jun 01, 2020 11:44:00 PM com.paypal.selion.platform.dataprovider.impl.JsonDataProviderImpl mapJsonData
FINER: ENTRY JsonReader at line 1 column 1 class [Lmailpages.MailData;
Jun 01, 2020 11:44:00 PM com.paypal.selion.platform.dataprovider.impl.JsonDataProviderImpl prepareDataAsObjectArray
FINER: ENTRY mailpages.MailData@4763c727
Jun 01, 2020 11:44:00 PM com.paypal.selion.platform.dataprovider.impl.JsonDataProviderImpl prepareDataAsObjectArray
FINE: Entity Size to be mapped to 2D array:1
Jun 01, 2020 11:44:00 PM com.paypal.selion.platform.dataprovider.impl.JsonDataProviderImpl prepareDataAsObjectArray
FINER: RETURN [Ljava.lang.Object;@72445aba
Jun 01, 2020 11:44:00 PM com.paypal.selion.platform.dataprovider.impl.JsonDataProviderImpl getAllData
FINER: RETURN [Ljava.lang.Object;@72445aba
Jun 01, 2020 11:44:05 PM com.paypal.selion.platform.dataprovider.DataProviderFactory getDataProvider
FINER: ENTRY com.paypal.selion.platform.dataprovider.impl.InputStreamResource@f19c9d2
Jun 01, 2020 11:44:05 PM com.paypal.selion.platform.dataprovider.impl.JsonDataProviderImpl getAllData
FINER: ENTRY com.paypal.selion.platform.dataprovider.impl.InputStreamResource@f19c9d2
Jun 01, 2020 11:44:05 PM com.paypal.selion.platform.dataprovider.impl.JsonDataProviderImpl getAllData
FINE: The Json Data is mapped as
Jun 01, 2020 11:44:05 PM com.paypal.selion.platform.dataprovider.impl.JsonDataProviderImpl mapJsonData
FINER: ENTRY JsonReader at line 1 column 1 class [Lmailpages.MailData;
Jun 01, 2020 11:44:05 PM com.paypal.selion.platform.dataprovider.impl.JsonDataProviderImpl prepareDataAsObjectArray
FINER: ENTRY mailpages.MailData@7807ac2c
Jun 01, 2020 11:44:05 PM com.paypal.selion.platform.dataprovider.impl.JsonDataProviderImpl prepareDataAsObjectArray
FINE: Entity Size to be mapped to 2D array:1
Jun 01, 2020 11:44:05 PM com.paypal.selion.platform.dataprovider.impl.JsonDataProviderImpl prepareDataAsObjectArray
FINER: RETURN [Ljava.lang.Object;@b91d8c4
Jun 01, 2020 11:44:05 PM com.paypal.selion.platform.dataprovider.impl.JsonDataProviderImpl getAllData
FINER: RETURN [Ljava.lang.Object;@b91d8c4
Jun 01, 2020 11:46:23 PM com.paypal.selion.platform.dataprovider.DataProviderFactory getDataProvider
FINER: ENTRY com.paypal.selion.platform.dataprovider.impl.InputStreamResource@52045dbe
Jun 01, 2020 11:46:23 PM com.paypal.selion.platform.dataprovider.impl.JsonDataProviderImpl getAllData
FINER: ENTRY com.paypal.selion.platform.dataprovider.impl.InputStreamResource@52045dbe
Jun 01, 2020 11:46:23 PM com.paypal.selion.platform.dataprovider.impl.JsonDataProviderImpl getAllData
FINE: The Json Data is mapped as
Jun 01, 2020 11:46:23 PM com.paypal.selion.platform.dataprovider.impl.JsonDataProviderImpl mapJsonData
FINER: ENTRY JsonReader at line 1 column 1 class [Lmailpages.MailData;
Jun 01, 2020 11:46:23 PM com.paypal.selion.platform.dataprovider.impl.JsonDataProviderImpl prepareDataAsObjectArray
FINER: ENTRY mailpages.MailData@4763c727
Jun 01, 2020 11:46:23 PM com.paypal.selion.platform.dataprovider.impl.JsonDataProviderImpl prepareDataAsObjectArray
FINE: Entity Size to be mapped to 2D array:1
Jun 01, 2020 11:46:23 PM com.paypal.selion.platform.dataprovider.impl.JsonDataProviderImpl prepareDataAsObjectArray
FINER: RETURN [Ljava.lang.Object;@72445aba
Jun 01, 2020 11:46:23 PM com.paypal.selion.platform.dataprovider.impl.JsonDataProviderImpl getAllData
FINER: RETURN [Ljava.lang.Object;@72445aba
Jun 01, 2020 11:46:27 PM com.paypal.selion.platform.dataprovider.DataProviderFactory getDataProvider
FINER: ENTRY com.paypal.selion.platform.dataprovider.impl.InputStreamResource@f19c9d2
Jun 01, 2020 11:46:27 PM com.paypal.selion.platform.dataprovider.impl.JsonDataProviderImpl getAllData
FINER: ENTRY com.paypal.selion.platform.dataprovider.impl.InputStreamResource@f19c9d2
Jun 01, 2020 11:46:27 PM com.paypal.selion.platform.dataprovider.impl.JsonDataProviderImpl getAllData
FINE: The Json Data is mapped as
Jun 01, 2020 11:46:27 PM com.paypal.selion.platform.dataprovider.impl.JsonDataProviderImpl mapJsonData
FINER: ENTRY JsonReader at line 1 column 1 class [Lmailpages.MailData;
Jun 01, 2020 11:46:27 PM com.paypal.selion.platform.dataprovider.impl.JsonDataProviderImpl prepareDataAsObjectArray
FINER: ENTRY mailpages.MailData@7807ac2c
Jun 01, 2020 11:46:27 PM com.paypal.selion.platform.dataprovider.impl.JsonDataProviderImpl prepareDataAsObjectArray
FINE: Entity Size to be mapped to 2D array:1
Jun 01, 2020 11:46:27 PM com.paypal.selion.platform.dataprovider.impl.JsonDataProviderImpl prepareDataAsObjectArray
FINER: RETURN [Ljava.lang.Object;@b91d8c4
Jun 01, 2020 11:46:27 PM com.paypal.selion.platform.dataprovider.impl.JsonDataProviderImpl getAllData
FINER: RETURN [Ljava.lang.Object;@b91d8c4
Jun 01, 2020 11:48:53 PM com.paypal.selion.platform.dataprovider.DataProviderFactory getDataProvider
FINER: ENTRY com.paypal.selion.platform.dataprovider.impl.InputStreamResource@52045dbe
Jun 01, 2020 11:48:53 PM com.paypal.selion.platform.dataprovider.impl.JsonDataProviderImpl getAllData
FINER: ENTRY com.paypal.selion.platform.dataprovider.impl.InputStreamResource@52045dbe
Jun 01, 2020 11:48:53 PM com.paypal.selion.platform.dataprovider.impl.JsonDataProviderImpl getAllData
FINE: The Json Data is mapped as
Jun 01, 2020 11:48:53 PM com.paypal.selion.platform.dataprovider.impl.JsonDataProviderImpl mapJsonData
FINER: ENTRY JsonReader at line 1 column 1 class [Lmailpages.MailData;
Jun 01, 2020 11:48:53 PM com.paypal.selion.platform.dataprovider.impl.JsonDataProviderImpl prepareDataAsObjectArray
FINER: ENTRY mailpages.MailData@4763c727
Jun 01, 2020 11:48:53 PM com.paypal.selion.platform.dataprovider.impl.JsonDataProviderImpl prepareDataAsObjectArray
FINE: Entity Size to be mapped to 2D array:1
Jun 01, 2020 11:48:53 PM com.paypal.selion.platform.dataprovider.impl.JsonDataProviderImpl prepareDataAsObjectArray
FINER: RETURN [Ljava.lang.Object;@72445aba
Jun 01, 2020 11:48:53 PM com.paypal.selion.platform.dataprovider.impl.JsonDataProviderImpl getAllData
FINER: RETURN [Ljava.lang.Object;@72445aba
Jun 01, 2020 11:48:57 PM com.paypal.selion.platform.dataprovider.DataProviderFactory getDataProvider
FINER: ENTRY com.paypal.selion.platform.dataprovider.impl.InputStreamResource@f19c9d2
Jun 01, 2020 11:48:57 PM com.paypal.selion.platform.dataprovider.impl.JsonDataProviderImpl getAllData
FINER: ENTRY com.paypal.selion.platform.dataprovider.impl.InputStreamResource@f19c9d2
Jun 01, 2020 11:48:57 PM com.paypal.selion.platform.dataprovider.impl.JsonDataProviderImpl getAllData
FINE: The Json Data is mapped as
Jun 01, 2020 11:48:57 PM com.paypal.selion.platform.dataprovider.impl.JsonDataProviderImpl mapJsonData
FINER: ENTRY JsonReader at line 1 column 1 class [Lmailpages.MailData;
Jun 01, 2020 11:48:57 PM com.paypal.selion.platform.dataprovider.impl.JsonDataProviderImpl prepareDataAsObjectArray
FINER: ENTRY mailpages.MailData@7807ac2c
Jun 01, 2020 11:48:57 PM com.paypal.selion.platform.dataprovider.impl.JsonDataProviderImpl prepareDataAsObjectArray
FINE: Entity Size to be mapped to 2D array:1
Jun 01, 2020 11:48:57 PM com.paypal.selion.platform.dataprovider.impl.JsonDataProviderImpl prepareDataAsObjectArray
FINER: RETURN [Ljava.lang.Object;@b91d8c4
Jun 01, 2020 11:48:57 PM com.paypal.selion.platform.dataprovider.impl.JsonDataProviderImpl getAllData
FINER: RETURN [Ljava.lang.Object;@b91d8c4
Jun 01, 2020 11:51:00 PM com.paypal.selion.platform.dataprovider.DataProviderFactory getDataProvider
FINER: ENTRY com.paypal.selion.platform.dataprovider.impl.InputStreamResource@52045dbe
Jun 01, 2020 11:51:00 PM com.paypal.selion.platform.dataprovider.impl.JsonDataProviderImpl getAllData
FINER: ENTRY com.paypal.selion.platform.dataprovider.impl.InputStreamResource@52045dbe
Jun 01, 2020 11:51:00 PM com.paypal.selion.platform.dataprovider.impl.JsonDataProviderImpl getAllData
FINE: The Json Data is mapped as
Jun 01, 2020 11:51:00 PM com.paypal.selion.platform.dataprovider.impl.JsonDataProviderImpl mapJsonData
FINER: ENTRY JsonReader at line 1 column 1 class [Lmailpages.MailData;
Jun 01, 2020 11:51:00 PM com.paypal.selion.platform.dataprovider.impl.JsonDataProviderImpl prepareDataAsObjectArray
FINER: ENTRY mailpages.MailData@4763c727
Jun 01, 2020 11:51:00 PM com.paypal.selion.platform.dataprovider.impl.JsonDataProviderImpl prepareDataAsObjectArray
FINE: Entity Size to be mapped to 2D array:1
Jun 01, 2020 11:51:00 PM com.paypal.selion.platform.dataprovider.impl.JsonDataProviderImpl prepareDataAsObjectArray
FINER: RETURN [Ljava.lang.Object;@72445aba
Jun 01, 2020 11:51:00 PM com.paypal.selion.platform.dataprovider.impl.JsonDataProviderImpl getAllData
FINER: RETURN [Ljava.lang.Object;@72445aba
Jun 01, 2020 11:51:08 PM com.paypal.selion.platform.dataprovider.DataProviderFactory getDataProvider
FINER: ENTRY com.paypal.selion.platform.dataprovider.impl.InputStreamResource@372ea2bc
Jun 01, 2020 11:51:08 PM com.paypal.selion.platform.dataprovider.impl.JsonDataProviderImpl getAllData
FINER: ENTRY com.paypal.selion.platform.dataprovider.impl.InputStreamResource@372ea2bc
Jun 01, 2020 11:51:08 PM com.paypal.selion.platform.dataprovider.impl.JsonDataProviderImpl getAllData
FINE: The Json Data is mapped as
Jun 01, 2020 11:51:08 PM com.paypal.selion.platform.dataprovider.impl.JsonDataProviderImpl mapJsonData
FINER: ENTRY JsonReader at line 1 column 1 class [Lmailpages.MailData;
Jun 01, 2020 11:51:08 PM com.paypal.selion.platform.dataprovider.impl.JsonDataProviderImpl prepareDataAsObjectArray
FINER: ENTRY mailpages.MailData@4cc76301
Jun 01, 2020 11:51:08 PM com.paypal.selion.platform.dataprovider.impl.JsonDataProviderImpl prepareDataAsObjectArray
FINE: Entity Size to be mapped to 2D array:1
Jun 01, 2020 11:51:08 PM com.paypal.selion.platform.dataprovider.impl.JsonDataProviderImpl prepareDataAsObjectArray
FINER: RETURN [Ljava.lang.Object;@2f08c4b
Jun 01, 2020 11:51:08 PM com.paypal.selion.platform.dataprovider.impl.JsonDataProviderImpl getAllData
FINER: RETURN [Ljava.lang.Object;@2f08c4b
Jun 01, 2020 11:53:27 PM com.paypal.selion.platform.dataprovider.DataProviderFactory getDataProvider
FINER: ENTRY com.paypal.selion.platform.dataprovider.impl.InputStreamResource@52045dbe
Jun 01, 2020 11:53:27 PM com.paypal.selion.platform.dataprovider.impl.JsonDataProviderImpl getAllData
FINER: ENTRY com.paypal.selion.platform.dataprovider.impl.InputStreamResource@52045dbe
Jun 01, 2020 11:53:27 PM com.paypal.selion.platform.dataprovider.impl.JsonDataProviderImpl getAllData
FINE: The Json Data is mapped as
Jun 01, 2020 11:53:27 PM com.paypal.selion.platform.dataprovider.impl.JsonDataProviderImpl mapJsonData
FINER: ENTRY JsonReader at line 1 column 1 class [Lmailpages.MailData;
Jun 01, 2020 11:53:27 PM com.paypal.selion.platform.dataprovider.impl.JsonDataProviderImpl prepareDataAsObjectArray
FINER: ENTRY mailpages.MailData@4763c727
Jun 01, 2020 11:53:27 PM com.paypal.selion.platform.dataprovider.impl.JsonDataProviderImpl prepareDataAsObjectArray
FINE: Entity Size to be mapped to 2D array:1
Jun 01, 2020 11:53:27 PM com.paypal.selion.platform.dataprovider.impl.JsonDataProviderImpl prepareDataAsObjectArray
FINER: RETURN [Ljava.lang.Object;@72445aba
Jun 01, 2020 11:53:27 PM com.paypal.selion.platform.dataprovider.impl.JsonDataProviderImpl getAllData
FINER: RETURN [Ljava.lang.Object;@72445aba
Jun 01, 2020 11:53:32 PM com.paypal.selion.platform.dataprovider.DataProviderFactory getDataProvider
FINER: ENTRY com.paypal.selion.platform.dataprovider.impl.InputStreamResource@372ea2bc
Jun 01, 2020 11:53:32 PM com.paypal.selion.platform.dataprovider.impl.JsonDataProviderImpl getAllData
FINER: ENTRY com.paypal.selion.platform.dataprovider.impl.InputStreamResource@372ea2bc
Jun 01, 2020 11:53:32 PM com.paypal.selion.platform.dataprovider.impl.JsonDataProviderImpl getAllData
FINE: The Json Data is mapped as
Jun 01, 2020 11:53:32 PM com.paypal.selion.platform.dataprovider.impl.JsonDataProviderImpl mapJsonData
FINER: ENTRY JsonReader at line 1 column 1 class [Lmailpages.MailData;
Jun 01, 2020 11:53:32 PM com.paypal.selion.platform.dataprovider.impl.JsonDataProviderImpl prepareDataAsObjectArray
FINER: ENTRY mailpages.MailData@4cc76301
Jun 01, 2020 11:53:32 PM com.paypal.selion.platform.dataprovider.impl.JsonDataProviderImpl prepareDataAsObjectArray
FINE: Entity Size to be mapped to 2D array:1
Jun 01, 2020 11:53:32 PM com.paypal.selion.platform.dataprovider.impl.JsonDataProviderImpl prepareDataAsObjectArray
FINER: RETURN [Ljava.lang.Object;@2f08c4b
Jun 01, 2020 11:53:32 PM com.paypal.selion.platform.dataprovider.impl.JsonDataProviderImpl getAllData
FINER: RETURN [Ljava.lang.Object;@2f08c4b
Jun 01, 2020 11:55:46 PM com.paypal.selion.platform.dataprovider.DataProviderFactory getDataProvider
FINER: ENTRY com.paypal.selion.platform.dataprovider.impl.InputStreamResource@5c8eee0f
Jun 01, 2020 11:55:46 PM com.paypal.selion.platform.dataprovider.impl.JsonDataProviderImpl getAllData
FINER: ENTRY com.paypal.selion.platform.dataprovider.impl.InputStreamResource@5c8eee0f
Jun 01, 2020 11:55:46 PM com.paypal.selion.platform.dataprovider.impl.JsonDataProviderImpl getAllData
FINE: The Json Data is mapped as
Jun 01, 2020 11:55:46 PM com.paypal.selion.platform.dataprovider.impl.JsonDataProviderImpl mapJsonData
FINER: ENTRY JsonReader at line 1 column 1 class [Lmailpages.MailData;
Jun 01, 2020 11:55:47 PM com.paypal.selion.platform.dataprovider.impl.JsonDataProviderImpl prepareDataAsObjectArray
FINER: ENTRY mailpages.MailData@61bcd567
Jun 01, 2020 11:55:47 PM com.paypal.selion.platform.dataprovider.impl.JsonDataProviderImpl prepareDataAsObjectArray
FINE: Entity Size to be mapped to 2D array:1
Jun 01, 2020 11:55:47 PM com.paypal.selion.platform.dataprovider.impl.JsonDataProviderImpl prepareDataAsObjectArray
FINER: RETURN [Ljava.lang.Object;@1c80e49b
Jun 01, 2020 11:55:47 PM com.paypal.selion.platform.dataprovider.impl.JsonDataProviderImpl getAllData
FINER: RETURN [Ljava.lang.Object;@1c80e49b
Jun 01, 2020 11:55:51 PM com.paypal.selion.platform.dataprovider.DataProviderFactory getDataProvider
FINER: ENTRY com.paypal.selion.platform.dataprovider.impl.InputStreamResource@2f08c4b
Jun 01, 2020 11:55:51 PM com.paypal.selion.platform.dataprovider.impl.JsonDataProviderImpl getAllData
FINER: ENTRY com.paypal.selion.platform.dataprovider.impl.InputStreamResource@2f08c4b
Jun 01, 2020 11:55:51 PM com.paypal.selion.platform.dataprovider.impl.JsonDataProviderImpl getAllData
FINE: The Json Data is mapped as
Jun 01, 2020 11:55:51 PM com.paypal.selion.platform.dataprovider.impl.JsonDataProviderImpl mapJsonData
FINER: ENTRY JsonReader at line 1 column 1 class [Lmailpages.MailData;
Jun 01, 2020 11:55:51 PM com.paypal.selion.platform.dataprovider.impl.JsonDataProviderImpl prepareDataAsObjectArray
FINER: ENTRY mailpages.MailData@3f19b8b3
Jun 01, 2020 11:55:51 PM com.paypal.selion.platform.dataprovider.impl.JsonDataProviderImpl prepareDataAsObjectArray
FINE: Entity Size to be mapped to 2D array:1
Jun 01, 2020 11:55:51 PM com.paypal.selion.platform.dataprovider.impl.JsonDataProviderImpl prepareDataAsObjectArray
FINER: RETURN [Ljava.lang.Object;@7de0c6ae
Jun 01, 2020 11:55:51 PM com.paypal.selion.platform.dataprovider.impl.JsonDataProviderImpl getAllData
FINER: RETURN [Ljava.lang.Object;@7de0c6ae
Jun 01, 2020 11:58:40 PM com.paypal.selion.platform.dataprovider.DataProviderFactory getDataProvider
FINER: ENTRY com.paypal.selion.platform.dataprovider.impl.InputStreamResource@52045dbe
Jun 01, 2020 11:58:40 PM com.paypal.selion.platform.dataprovider.impl.JsonDataProviderImpl getAllData
FINER: ENTRY com.paypal.selion.platform.dataprovider.impl.InputStreamResource@52045dbe
Jun 01, 2020 11:58:40 PM com.paypal.selion.platform.dataprovider.impl.JsonDataProviderImpl getAllData
FINE: The Json Data is mapped as
Jun 01, 2020 11:58:40 PM com.paypal.selion.platform.dataprovider.impl.JsonDataProviderImpl mapJsonData
FINER: ENTRY JsonReader at line 1 column 1 class [Lmailpages.MailData;
Jun 01, 2020 11:58:40 PM com.paypal.selion.platform.dataprovider.impl.JsonDataProviderImpl prepareDataAsObjectArray
FINER: ENTRY mailpages.MailData@4763c727
Jun 01, 2020 11:58:40 PM com.paypal.selion.platform.dataprovider.impl.JsonDataProviderImpl prepareDataAsObjectArray
FINE: Entity Size to be mapped to 2D array:1
Jun 01, 2020 11:58:40 PM com.paypal.selion.platform.dataprovider.impl.JsonDataProviderImpl prepareDataAsObjectArray
FINER: RETURN [Ljava.lang.Object;@72445aba
Jun 01, 2020 11:58:40 PM com.paypal.selion.platform.dataprovider.impl.JsonDataProviderImpl getAllData
FINER: RETURN [Ljava.lang.Object;@72445aba
Jun 01, 2020 11:58:45 PM com.paypal.selion.platform.dataprovider.DataProviderFactory getDataProvider
FINER: ENTRY com.paypal.selion.platform.dataprovider.impl.InputStreamResource@f19c9d2
Jun 01, 2020 11:58:45 PM com.paypal.selion.platform.dataprovider.impl.JsonDataProviderImpl getAllData
FINER: ENTRY com.paypal.selion.platform.dataprovider.impl.InputStreamResource@f19c9d2
Jun 01, 2020 11:58:45 PM com.paypal.selion.platform.dataprovider.impl.JsonDataProviderImpl getAllData
FINE: The Json Data is mapped as
Jun 01, 2020 11:58:45 PM com.paypal.selion.platform.dataprovider.impl.JsonDataProviderImpl mapJsonData
FINER: ENTRY JsonReader at line 1 column 1 class [Lmailpages.MailData;
Jun 01, 2020 11:58:45 PM com.paypal.selion.platform.dataprovider.impl.JsonDataProviderImpl prepareDataAsObjectArray
FINER: ENTRY mailpages.MailData@7807ac2c
Jun 01, 2020 11:58:45 PM com.paypal.selion.platform.dataprovider.impl.JsonDataProviderImpl prepareDataAsObjectArray
FINE: Entity Size to be mapped to 2D array:1
Jun 01, 2020 11:58:45 PM com.paypal.selion.platform.dataprovider.impl.JsonDataProviderImpl prepareDataAsObjectArray
FINER: RETURN [Ljava.lang.Object;@b91d8c4
Jun 01, 2020 11:58:45 PM com.paypal.selion.platform.dataprovider.impl.JsonDataProviderImpl getAllData
FINER: RETURN [Ljava.lang.Object;@b91d8c4
